Determining if the pthread_create exist failed with the following output:
Change Dir: /home/xxx/Study_Project_ROS/demo03_ws/build/CMakeFiles/CMakeTmp

Run Build Command:"/usr/bin/make" "cmTC_123a3/fast"
/usr/bin/make -f CMakeFiles/cmTC_123a3.dir/build.make CMakeFiles/cmTC_123a3.dir/build
make[1]: Entering directory '/home/xxx/Study_Project_ROS/demo03_ws/build/CMakeFiles/CMakeTmp'
Building C object CMakeFiles/cmTC_123a3.dir/CheckSymbolExists.c.o
/usr/bin/gcc    -o CMakeFiles/cmTC_123a3.dir/CheckSymbolExists.c.o   -c /home/xxx/Study_Project_ROS/demo03_ws/build/CMakeFiles/CMakeTmp/CheckSymbolExists.c
Linking C executable cmTC_123a3
/usr/bin/cmake -E cmake_link_script CMakeFiles/cmTC_123a3.dir/link.txt --verbose=1
/usr/bin/gcc      -rdynamic CMakeFiles/cmTC_123a3.dir/CheckSymbolExists.c.o  -o cmTC_123a3 
CMakeFiles/cmTC_123a3.dir/CheckSymbolExists.c.o: In function `main':
CheckSymbolExists.c:(.text+0x1b): undefined reference to `pthread_create'
collect2: error: ld returned 1 exit status
CMakeFiles/cmTC_123a3.dir/build.make:97: recipe for target 'cmTC_123a3' failed
make[1]: *** [cmTC_123a3] Error 1
make[1]: Leaving directory '/home/xxx/Study_Project_ROS/demo03_ws/build/CMakeFiles/CMakeTmp'
Makefile:126: recipe for target 'cmTC_123a3/fast' failed
make: *** [cmTC_123a3/fast] Error 2

File /home/xxx/Study_Project_ROS/demo03_ws/build/CMakeFiles/CMakeTmp/CheckSymbolExists.c:
/* */
#include <pthread.h>

int main(int argc, char** argv)
{
  (void)argv;
#ifndef pthread_create
  return ((int*)(&pthread_create))[argc];
#else
  (void)argc;
  return 0;
#endif
}

Determining if the function pthread_create exists in the pthreads failed with the following output:
Change Dir: /home/xxx/Study_Project_ROS/demo03_ws/build/CMakeFiles/CMakeTmp

Run Build Command:"/usr/bin/make" "cmTC_18801/fast"
/usr/bin/make -f CMakeFiles/cmTC_18801.dir/build.make CMakeFiles/cmTC_18801.dir/build
make[1]: Entering directory '/home/xxx/Study_Project_ROS/demo03_ws/build/CMakeFiles/CMakeTmp'
Building C object CMakeFiles/cmTC_18801.dir/CheckFunctionExists.c.o
/usr/bin/gcc   -DCHECK_FUNCTION_EXISTS=pthread_create   -o CMakeFiles/cmTC_18801.dir/CheckFunctionExists.c.o   -c /usr/share/cmake-3.10/Modules/CheckFunctionExists.c
Linking C executable cmTC_18801
/usr/bin/cmake -E cmake_link_script CMakeFiles/cmTC_18801.dir/link.txt --verbose=1
/usr/bin/gcc  -DCHECK_FUNCTION_EXISTS=pthread_create    -rdynamic CMakeFiles/cmTC_18801.dir/CheckFunctionExists.c.o  -o cmTC_18801 -lpthreads 
/usr/bin/ld: cannot find -lpthreads
collect2: error: ld returned 1 exit status
CMakeFiles/cmTC_18801.dir/build.make:97: recipe for target 'cmTC_18801' failed
make[1]: *** [cmTC_18801] Error 1
make[1]: Leaving directory '/home/xxx/Study_Project_ROS/demo03_ws/build/CMakeFiles/CMakeTmp'
Makefile:126: recipe for target 'cmTC_18801/fast' failed
make: *** [cmTC_18801/fast] Error 2


